2024-06-11 20:36:26 - INFO [main] c.e.market.MarketApplication - Starting MarketApplication using Java 17.0.11 with PID 2875 (/Users/israeldaviddomingueztovar/Documents/workspace-spring-tool-suite-4-4.22.0.RELEASE/Market/target/classes started by israeldaviddomingueztovar in /Users/israeldaviddomingueztovar/Documents/workspace-spring-tool-suite-4-4.22.0.RELEASE/Market)
2024-06-11 20:36:26 - INFO [main] c.e.market.MarketApplication - No active profile set, falling back to 1 default profile: "default"
2024-06-11 20:36:27 - INFO [main] o.s.d.r.c.RepositoryConfigurationDelegate - Multiple Spring Data modules found, entering strict repository configuration mode
2024-06-11 20:36:27 - INFO [main] o.s.d.r.c.RepositoryConfigurationDelegate - Bootstrapping Spring Data JDBC repositories in DEFAULT mode.
2024-06-11 20:36:28 - INFO [main] o.s.d.r.c.RepositoryConfigurationExtensionSupport - Spring Data JDBC - Could not safely identify store assignment for repository candidate interface com.emprendetech.market.repositorys.CategoriasRepository; If you want this repository to be a JDBC repository, consider annotating your entities with one of these annotations: org.springframework.data.relational.core.mapping.Table.
2024-06-11 20:36:28 - INFO [main] o.s.d.r.c.RepositoryConfigurationExtensionSupport - Spring Data JDBC - Could not safely identify store assignment for repository candidate interface com.emprendetech.market.repositorys.ClientesRepository; If you want this repository to be a JDBC repository, consider annotating your entities with one of these annotations: org.springframework.data.relational.core.mapping.Table.
2024-06-11 20:36:28 - INFO [main] o.s.d.r.c.RepositoryConfigurationExtensionSupport - Spring Data JDBC - Could not safely identify store assignment for repository candidate interface com.emprendetech.market.repositorys.DetallespedidoRepository; If you want this repository to be a JDBC repository, consider annotating your entities with one of these annotations: org.springframework.data.relational.core.mapping.Table.
2024-06-11 20:36:28 - INFO [main] o.s.d.r.c.RepositoryConfigurationExtensionSupport - Spring Data JDBC - Could not safely identify store assignment for repository candidate interface com.emprendetech.market.repositorys.EmprendimientosRepository; If you want this repository to be a JDBC repository, consider annotating your entities with one of these annotations: org.springframework.data.relational.core.mapping.Table.
2024-06-11 20:36:28 - INFO [main] o.s.d.r.c.RepositoryConfigurationExtensionSupport - Spring Data JDBC - Could not safely identify store assignment for repository candidate interface com.emprendetech.market.repositorys.MedidasRepository; If you want this repository to be a JDBC repository, consider annotating your entities with one of these annotations: org.springframework.data.relational.core.mapping.Table.
2024-06-11 20:36:28 - INFO [main] o.s.d.r.c.RepositoryConfigurationExtensionSupport - Spring Data JDBC - Could not safely identify store assignment for repository candidate interface com.emprendetech.market.repositorys.MetodospagoRepository; If you want this repository to be a JDBC repository, consider annotating your entities with one of these annotations: org.springframework.data.relational.core.mapping.Table.
2024-06-11 20:36:28 - INFO [main] o.s.d.r.c.RepositoryConfigurationExtensionSupport - Spring Data JDBC - Could not safely identify store assignment for repository candidate interface com.emprendetech.market.repositorys.PedidosRepository; If you want this repository to be a JDBC repository, consider annotating your entities with one of these annotations: org.springframework.data.relational.core.mapping.Table.
2024-06-11 20:36:28 - INFO [main] o.s.d.r.c.RepositoryConfigurationExtensionSupport - Spring Data JDBC - Could not safely identify store assignment for repository candidate interface com.emprendetech.market.repositorys.PerfilesRepository; If you want this repository to be a JDBC repository, consider annotating your entities with one of these annotations: org.springframework.data.relational.core.mapping.Table.
2024-06-11 20:36:28 - INFO [main] o.s.d.r.c.RepositoryConfigurationExtensionSupport - Spring Data JDBC - Could not safely identify store assignment for repository candidate interface com.emprendetech.market.repositorys.PermisosRepository; If you want this repository to be a JDBC repository, consider annotating your entities with one of these annotations: org.springframework.data.relational.core.mapping.Table.
2024-06-11 20:36:28 - INFO [main] o.s.d.r.c.RepositoryConfigurationExtensionSupport - Spring Data JDBC - Could not safely identify store assignment for repository candidate interface com.emprendetech.market.repositorys.PersonasRepository; If you want this repository to be a JDBC repository, consider annotating your entities with one of these annotations: org.springframework.data.relational.core.mapping.Table.
2024-06-11 20:36:28 - INFO [main] o.s.d.r.c.RepositoryConfigurationExtensionSupport - Spring Data JDBC - Could not safely identify store assignment for repository candidate interface com.emprendetech.market.repositorys.ProductosRepository; If you want this repository to be a JDBC repository, consider annotating your entities with one of these annotations: org.springframework.data.relational.core.mapping.Table.
2024-06-11 20:36:28 - INFO [main] o.s.d.r.c.RepositoryConfigurationExtensionSupport - Spring Data JDBC - Could not safely identify store assignment for repository candidate interface com.emprendetech.market.repositorys.ProductosunidadRepository; If you want this repository to be a JDBC repository, consider annotating your entities with one of these annotations: org.springframework.data.relational.core.mapping.Table.
2024-06-11 20:36:28 - INFO [main] o.s.d.r.c.RepositoryConfigurationExtensionSupport - Spring Data JDBC - Could not safely identify store assignment for repository candidate interface com.emprendetech.market.repositorys.RolesRepository; If you want this repository to be a JDBC repository, consider annotating your entities with one of these annotations: org.springframework.data.relational.core.mapping.Table.
2024-06-11 20:36:28 - INFO [main] o.s.d.r.c.RepositoryConfigurationExtensionSupport - Spring Data JDBC - Could not safely identify store assignment for repository candidate interface com.emprendetech.market.repositorys.RolpermisosRepository; If you want this repository to be a JDBC repository, consider annotating your entities with one of these annotations: org.springframework.data.relational.core.mapping.Table.
2024-06-11 20:36:28 - INFO [main] o.s.d.r.c.RepositoryConfigurationExtensionSupport - Spring Data JDBC - Could not safely identify store assignment for repository candidate interface com.emprendetech.market.repositorys.UsuarioRepository; If you want this repository to be a JDBC repository, consider annotating your entities with one of these annotations: org.springframework.data.relational.core.mapping.Table.
2024-06-11 20:36:28 - INFO [main] o.s.d.r.c.RepositoryConfigurationExtensionSupport - Spring Data JDBC - Could not safely identify store assignment for repository candidate interface com.emprendetech.market.repositorys.VentasRepository; If you want this repository to be a JDBC repository, consider annotating your entities with one of these annotations: org.springframework.data.relational.core.mapping.Table.
2024-06-11 20:36:28 - INFO [main] o.s.d.r.c.RepositoryConfigurationDelegate - Finished Spring Data repository scanning in 110 ms. Found 0 JDBC repository interfaces.
2024-06-11 20:36:28 - INFO [main] o.s.d.r.c.RepositoryConfigurationDelegate - Multiple Spring Data modules found, entering strict repository configuration mode
2024-06-11 20:36:28 - INFO [main] o.s.d.r.c.RepositoryConfigurationDelegate - Bootstrapping Spring Data JPA repositories in DEFAULT mode.
2024-06-11 20:36:28 - INFO [main] o.s.d.r.c.RepositoryConfigurationDelegate - Finished Spring Data repository scanning in 113 ms. Found 16 JPA repository interfaces.
2024-06-11 20:36:29 - INFO [main] o.s.b.w.e.tomcat.TomcatWebServer - Tomcat initialized with port 8080 (http)
2024-06-11 20:36:29 - INFO [main] o.a.catalina.core.StandardService - Starting service [Tomcat]
2024-06-11 20:36:29 - INFO [main] o.a.catalina.core.StandardEngine - Starting Servlet engine: [Apache Tomcat/10.1.20]
2024-06-11 20:36:29 - INFO [main] o.a.c.c.C.[Tomcat].[localhost].[/] - Initializing Spring embedded WebApplicationContext
2024-06-11 20:36:29 - INFO [main] o.s.b.w.s.c.ServletWebServerApplicationContext - Root WebApplicationContext: initialization completed in 3368 ms
2024-06-11 20:36:29 - INFO [main] o.h.jpa.internal.util.LogHelper - HHH000204: Processing PersistenceUnitInfo [name: default]
2024-06-11 20:36:30 - INFO [main] org.hibernate.Version - HHH000412: Hibernate ORM core version 6.4.4.Final
2024-06-11 20:36:30 - INFO [main] o.h.c.i.RegionFactoryInitiator - HHH000026: Second-level cache disabled
2024-06-11 20:36:31 - INFO [main] o.s.o.j.p.SpringPersistenceUnitInfo - No LoadTimeWeaver setup: ignoring JPA class transformer
2024-06-11 20:36:31 - INFO [main] com.zaxxer.hikari.HikariDataSource - HikariPool-1 - Starting...
2024-06-11 20:36:33 - INFO [main] com.zaxxer.hikari.pool.HikariPool - HikariPool-1 - Added connection com.mysql.cj.jdbc.ConnectionImpl@279c4e3b
2024-06-11 20:36:33 - INFO [main] com.zaxxer.hikari.HikariDataSource - HikariPool-1 - Start completed.
2024-06-11 20:36:37 - INFO [main] o.h.e.t.j.p.i.JtaPlatformInitiator - HHH000489: No JTA platform available (set 'hibernate.transaction.jta.platform' to enable JTA platform integration)
2024-06-11 20:36:37 - INFO [main] o.s.o.j.LocalContainerEntityManagerFactoryBean - Initialized JPA EntityManagerFactory for persistence unit 'default'
2024-06-11 20:36:39 - WARN [main] o.s.b.a.o.j.JpaBaseConfiguration$JpaWebConfiguration - spring.jpa.open-in-view is enabled by default. Therefore, database queries may be performed during view rendering. Explicitly configure spring.jpa.open-in-view to disable this warning
2024-06-11 20:36:41 - INFO [main] o.s.b.w.e.tomcat.TomcatWebServer - Tomcat started on port 8080 (http) with context path ''
2024-06-11 20:36:41 - INFO [main] c.e.market.MarketApplication - Started MarketApplication in 15.958 seconds (process running for 22.053)
2024-06-11 20:37:08 - INFO [http-nio-8080-exec-1] o.a.c.c.C.[Tomcat].[localhost].[/] - Initializing Spring DispatcherServlet 'dispatcherServlet'
2024-06-11 20:37:08 - INFO [http-nio-8080-exec-1] o.s.web.servlet.DispatcherServlet - Initializing Servlet 'dispatcherServlet'
2024-06-11 20:37:08 - INFO [http-nio-8080-exec-1] o.s.web.servlet.DispatcherServlet - Completed initialization in 2 ms
2024-06-11 20:37:10 - INFO [http-nio-8080-exec-7] o.s.api.AbstractOpenApiResource - Init duration for springdoc-openapi is: 1521 ms
2024-06-11 20:39:57 - INFO [RMI TCP Connection(8)-127.0.0.1] o.s.b.a.SpringApplicationAdminMXBeanRegistrar$SpringApplicationAdmin - Application shutdown requested.
2024-06-11 20:39:57 - INFO [RMI TCP Connection(8)-127.0.0.1] o.s.o.j.LocalContainerEntityManagerFactoryBean - Closing JPA EntityManagerFactory for persistence unit 'default'
2024-06-11 20:39:57 - INFO [RMI TCP Connection(8)-127.0.0.1] com.zaxxer.hikari.HikariDataSource - HikariPool-1 - Shutdown initiated...
2024-06-11 20:39:57 - INFO [RMI TCP Connection(8)-127.0.0.1] com.zaxxer.hikari.HikariDataSource - HikariPool-1 - Shutdown completed.
2024-06-11 20:44:58 - INFO [main] c.e.market.MarketApplication - Starting MarketApplication using Java 17.0.11 with PID 2968 (/Users/israeldaviddomingueztovar/Documents/workspace-spring-tool-suite-4-4.22.0.RELEASE/Market/target/classes started by israeldaviddomingueztovar in /Users/israeldaviddomingueztovar/Documents/workspace-spring-tool-suite-4-4.22.0.RELEASE/Market)
2024-06-11 20:44:58 - INFO [main] c.e.market.MarketApplication - No active profile set, falling back to 1 default profile: "default"
2024-06-11 20:45:01 - INFO [main] o.s.d.r.c.RepositoryConfigurationDelegate - Multiple Spring Data modules found, entering strict repository configuration mode
2024-06-11 20:45:01 - INFO [main] o.s.d.r.c.RepositoryConfigurationDelegate - Bootstrapping Spring Data JDBC repositories in DEFAULT mode.
2024-06-11 20:45:01 - INFO [main] o.s.d.r.c.RepositoryConfigurationExtensionSupport - Spring Data JDBC - Could not safely identify store assignment for repository candidate interface com.emprendetech.market.repositorys.CategoriasRepository; If you want this repository to be a JDBC repository, consider annotating your entities with one of these annotations: org.springframework.data.relational.core.mapping.Table.
2024-06-11 20:45:01 - INFO [main] o.s.d.r.c.RepositoryConfigurationExtensionSupport - Spring Data JDBC - Could not safely identify store assignment for repository candidate interface com.emprendetech.market.repositorys.ClientesRepository; If you want this repository to be a JDBC repository, consider annotating your entities with one of these annotations: org.springframework.data.relational.core.mapping.Table.
2024-06-11 20:45:01 - INFO [main] o.s.d.r.c.RepositoryConfigurationExtensionSupport - Spring Data JDBC - Could not safely identify store assignment for repository candidate interface com.emprendetech.market.repositorys.DetallespedidoRepository; If you want this repository to be a JDBC repository, consider annotating your entities with one of these annotations: org.springframework.data.relational.core.mapping.Table.
2024-06-11 20:45:01 - INFO [main] o.s.d.r.c.RepositoryConfigurationExtensionSupport - Spring Data JDBC - Could not safely identify store assignment for repository candidate interface com.emprendetech.market.repositorys.EmprendimientosRepository; If you want this repository to be a JDBC repository, consider annotating your entities with one of these annotations: org.springframework.data.relational.core.mapping.Table.
2024-06-11 20:45:01 - INFO [main] o.s.d.r.c.RepositoryConfigurationExtensionSupport - Spring Data JDBC - Could not safely identify store assignment for repository candidate interface com.emprendetech.market.repositorys.MedidasRepository; If you want this repository to be a JDBC repository, consider annotating your entities with one of these annotations: org.springframework.data.relational.core.mapping.Table.
2024-06-11 20:45:01 - INFO [main] o.s.d.r.c.RepositoryConfigurationExtensionSupport - Spring Data JDBC - Could not safely identify store assignment for repository candidate interface com.emprendetech.market.repositorys.MetodospagoRepository; If you want this repository to be a JDBC repository, consider annotating your entities with one of these annotations: org.springframework.data.relational.core.mapping.Table.
2024-06-11 20:45:01 - INFO [main] o.s.d.r.c.RepositoryConfigurationExtensionSupport - Spring Data JDBC - Could not safely identify store assignment for repository candidate interface com.emprendetech.market.repositorys.PedidosRepository; If you want this repository to be a JDBC repository, consider annotating your entities with one of these annotations: org.springframework.data.relational.core.mapping.Table.
2024-06-11 20:45:01 - INFO [main] o.s.d.r.c.RepositoryConfigurationExtensionSupport - Spring Data JDBC - Could not safely identify store assignment for repository candidate interface com.emprendetech.market.repositorys.PerfilesRepository; If you want this repository to be a JDBC repository, consider annotating your entities with one of these annotations: org.springframework.data.relational.core.mapping.Table.
2024-06-11 20:45:01 - INFO [main] o.s.d.r.c.RepositoryConfigurationExtensionSupport - Spring Data JDBC - Could not safely identify store assignment for repository candidate interface com.emprendetech.market.repositorys.PermisosRepository; If you want this repository to be a JDBC repository, consider annotating your entities with one of these annotations: org.springframework.data.relational.core.mapping.Table.
2024-06-11 20:45:01 - INFO [main] o.s.d.r.c.RepositoryConfigurationExtensionSupport - Spring Data JDBC - Could not safely identify store assignment for repository candidate interface com.emprendetech.market.repositorys.PersonasRepository; If you want this repository to be a JDBC repository, consider annotating your entities with one of these annotations: org.springframework.data.relational.core.mapping.Table.
2024-06-11 20:45:01 - INFO [main] o.s.d.r.c.RepositoryConfigurationExtensionSupport - Spring Data JDBC - Could not safely identify store assignment for repository candidate interface com.emprendetech.market.repositorys.ProductosRepository; If you want this repository to be a JDBC repository, consider annotating your entities with one of these annotations: org.springframework.data.relational.core.mapping.Table.
2024-06-11 20:45:01 - INFO [main] o.s.d.r.c.RepositoryConfigurationExtensionSupport - Spring Data JDBC - Could not safely identify store assignment for repository candidate interface com.emprendetech.market.repositorys.ProductosunidadRepository; If you want this repository to be a JDBC repository, consider annotating your entities with one of these annotations: org.springframework.data.relational.core.mapping.Table.
2024-06-11 20:45:01 - INFO [main] o.s.d.r.c.RepositoryConfigurationExtensionSupport - Spring Data JDBC - Could not safely identify store assignment for repository candidate interface com.emprendetech.market.repositorys.RolesRepository; If you want this repository to be a JDBC repository, consider annotating your entities with one of these annotations: org.springframework.data.relational.core.mapping.Table.
2024-06-11 20:45:01 - INFO [main] o.s.d.r.c.RepositoryConfigurationExtensionSupport - Spring Data JDBC - Could not safely identify store assignment for repository candidate interface com.emprendetech.market.repositorys.RolpermisosRepository; If you want this repository to be a JDBC repository, consider annotating your entities with one of these annotations: org.springframework.data.relational.core.mapping.Table.
2024-06-11 20:45:01 - INFO [main] o.s.d.r.c.RepositoryConfigurationExtensionSupport - Spring Data JDBC - Could not safely identify store assignment for repository candidate interface com.emprendetech.market.repositorys.UsuarioRepository; If you want this repository to be a JDBC repository, consider annotating your entities with one of these annotations: org.springframework.data.relational.core.mapping.Table.
2024-06-11 20:45:01 - INFO [main] o.s.d.r.c.RepositoryConfigurationExtensionSupport - Spring Data JDBC - Could not safely identify store assignment for repository candidate interface com.emprendetech.market.repositorys.VentasRepository; If you want this repository to be a JDBC repository, consider annotating your entities with one of these annotations: org.springframework.data.relational.core.mapping.Table.
2024-06-11 20:45:01 - INFO [main] o.s.d.r.c.RepositoryConfigurationDelegate - Finished Spring Data repository scanning in 129 ms. Found 0 JDBC repository interfaces.
2024-06-11 20:45:01 - INFO [main] o.s.d.r.c.RepositoryConfigurationDelegate - Multiple Spring Data modules found, entering strict repository configuration mode
2024-06-11 20:45:01 - INFO [main] o.s.d.r.c.RepositoryConfigurationDelegate - Bootstrapping Spring Data JPA repositories in DEFAULT mode.
2024-06-11 20:45:01 - INFO [main] o.s.d.r.c.RepositoryConfigurationDelegate - Finished Spring Data repository scanning in 88 ms. Found 16 JPA repository interfaces.
2024-06-11 20:45:02 - INFO [main] o.s.b.w.e.tomcat.TomcatWebServer - Tomcat initialized with port 8080 (http)
2024-06-11 20:45:02 - INFO [main] o.a.catalina.core.StandardService - Starting service [Tomcat]
2024-06-11 20:45:02 - INFO [main] o.a.catalina.core.StandardEngine - Starting Servlet engine: [Apache Tomcat/10.1.20]
2024-06-11 20:45:02 - INFO [main] o.a.c.c.C.[Tomcat].[localhost].[/] - Initializing Spring embedded WebApplicationContext
2024-06-11 20:45:02 - INFO [main] o.s.b.w.s.c.ServletWebServerApplicationContext - Root WebApplicationContext: initialization completed in 3993 ms
2024-06-11 20:45:03 - INFO [main] o.h.jpa.internal.util.LogHelper - HHH000204: Processing PersistenceUnitInfo [name: default]
2024-06-11 20:45:03 - INFO [main] org.hibernate.Version - HHH000412: Hibernate ORM core version 6.4.4.Final
2024-06-11 20:45:03 - INFO [main] o.h.c.i.RegionFactoryInitiator - HHH000026: Second-level cache disabled
2024-06-11 20:45:04 - INFO [main] o.s.o.j.p.SpringPersistenceUnitInfo - No LoadTimeWeaver setup: ignoring JPA class transformer
2024-06-11 20:45:04 - INFO [main] com.zaxxer.hikari.HikariDataSource - HikariPool-1 - Starting...
2024-06-11 20:45:04 - INFO [main] com.zaxxer.hikari.pool.HikariPool - HikariPool-1 - Added connection com.mysql.cj.jdbc.ConnectionImpl@39a8e2fa
2024-06-11 20:45:04 - INFO [main] com.zaxxer.hikari.HikariDataSource - HikariPool-1 - Start completed.
2024-06-11 20:45:06 - INFO [main] o.h.e.t.j.p.i.JtaPlatformInitiator - HHH000489: No JTA platform available (set 'hibernate.transaction.jta.platform' to enable JTA platform integration)
2024-06-11 20:45:06 - INFO [main] o.s.o.j.LocalContainerEntityManagerFactoryBean - Initialized JPA EntityManagerFactory for persistence unit 'default'
2024-06-11 20:45:08 - WARN [main] o.s.b.a.o.j.JpaBaseConfiguration$JpaWebConfiguration - spring.jpa.open-in-view is enabled by default. Therefore, database queries may be performed during view rendering. Explicitly configure spring.jpa.open-in-view to disable this warning
2024-06-11 20:45:09 - INFO [main] o.s.b.w.e.tomcat.TomcatWebServer - Tomcat started on port 8080 (http) with context path ''
2024-06-11 20:45:09 - INFO [main] c.e.market.MarketApplication - Started MarketApplication in 11.092 seconds (process running for 17.427)
2024-06-11 20:53:10 - INFO [RMI TCP Connection(10)-127.0.0.1] o.s.b.a.SpringApplicationAdminMXBeanRegistrar$SpringApplicationAdmin - Application shutdown requested.
2024-06-11 20:53:10 - INFO [RMI TCP Connection(10)-127.0.0.1] o.s.o.j.LocalContainerEntityManagerFactoryBean - Closing JPA EntityManagerFactory for persistence unit 'default'
2024-06-11 20:53:10 - INFO [RMI TCP Connection(10)-127.0.0.1] com.zaxxer.hikari.HikariDataSource - HikariPool-1 - Shutdown initiated...
2024-06-11 20:53:10 - INFO [RMI TCP Connection(10)-127.0.0.1] com.zaxxer.hikari.HikariDataSource - HikariPool-1 - Shutdown completed.
2024-06-11 20:53:26 - INFO [main] c.e.market.MarketApplication - Starting MarketApplication using Java 17.0.11 with PID 3048 (/Users/israeldaviddomingueztovar/Documents/workspace-spring-tool-suite-4-4.22.0.RELEASE/Market/target/classes started by israeldaviddomingueztovar in /Users/israeldaviddomingueztovar/Documents/workspace-spring-tool-suite-4-4.22.0.RELEASE/Market)
2024-06-11 20:53:26 - INFO [main] c.e.market.MarketApplication - No active profile set, falling back to 1 default profile: "default"
2024-06-11 20:53:27 - INFO [main] o.s.d.r.c.RepositoryConfigurationDelegate - Multiple Spring Data modules found, entering strict repository configuration mode
2024-06-11 20:53:27 - INFO [main] o.s.d.r.c.RepositoryConfigurationDelegate - Bootstrapping Spring Data JDBC repositories in DEFAULT mode.
2024-06-11 20:53:27 - INFO [main] o.s.d.r.c.RepositoryConfigurationExtensionSupport - Spring Data JDBC - Could not safely identify store assignment for repository candidate interface com.emprendetech.market.repositorys.CategoriasRepository; If you want this repository to be a JDBC repository, consider annotating your entities with one of these annotations: org.springframework.data.relational.core.mapping.Table.
2024-06-11 20:53:27 - INFO [main] o.s.d.r.c.RepositoryConfigurationExtensionSupport - Spring Data JDBC - Could not safely identify store assignment for repository candidate interface com.emprendetech.market.repositorys.ClientesRepository; If you want this repository to be a JDBC repository, consider annotating your entities with one of these annotations: org.springframework.data.relational.core.mapping.Table.
2024-06-11 20:53:27 - INFO [main] o.s.d.r.c.RepositoryConfigurationExtensionSupport - Spring Data JDBC - Could not safely identify store assignment for repository candidate interface com.emprendetech.market.repositorys.DetallespedidoRepository; If you want this repository to be a JDBC repository, consider annotating your entities with one of these annotations: org.springframework.data.relational.core.mapping.Table.
2024-06-11 20:53:27 - INFO [main] o.s.d.r.c.RepositoryConfigurationExtensionSupport - Spring Data JDBC - Could not safely identify store assignment for repository candidate interface com.emprendetech.market.repositorys.EmprendimientosRepository; If you want this repository to be a JDBC repository, consider annotating your entities with one of these annotations: org.springframework.data.relational.core.mapping.Table.
2024-06-11 20:53:27 - INFO [main] o.s.d.r.c.RepositoryConfigurationExtensionSupport - Spring Data JDBC - Could not safely identify store assignment for repository candidate interface com.emprendetech.market.repositorys.MedidasRepository; If you want this repository to be a JDBC repository, consider annotating your entities with one of these annotations: org.springframework.data.relational.core.mapping.Table.
2024-06-11 20:53:27 - INFO [main] o.s.d.r.c.RepositoryConfigurationExtensionSupport - Spring Data JDBC - Could not safely identify store assignment for repository candidate interface com.emprendetech.market.repositorys.MetodospagoRepository; If you want this repository to be a JDBC repository, consider annotating your entities with one of these annotations: org.springframework.data.relational.core.mapping.Table.
2024-06-11 20:53:27 - INFO [main] o.s.d.r.c.RepositoryConfigurationExtensionSupport - Spring Data JDBC - Could not safely identify store assignment for repository candidate interface com.emprendetech.market.repositorys.PedidosRepository; If you want this repository to be a JDBC repository, consider annotating your entities with one of these annotations: org.springframework.data.relational.core.mapping.Table.
2024-06-11 20:53:27 - INFO [main] o.s.d.r.c.RepositoryConfigurationExtensionSupport - Spring Data JDBC - Could not safely identify store assignment for repository candidate interface com.emprendetech.market.repositorys.PerfilesRepository; If you want this repository to be a JDBC repository, consider annotating your entities with one of these annotations: org.springframework.data.relational.core.mapping.Table.
2024-06-11 20:53:27 - INFO [main] o.s.d.r.c.RepositoryConfigurationExtensionSupport - Spring Data JDBC - Could not safely identify store assignment for repository candidate interface com.emprendetech.market.repositorys.PermisosRepository; If you want this repository to be a JDBC repository, consider annotating your entities with one of these annotations: org.springframework.data.relational.core.mapping.Table.
2024-06-11 20:53:27 - INFO [main] o.s.d.r.c.RepositoryConfigurationExtensionSupport - Spring Data JDBC - Could not safely identify store assignment for repository candidate interface com.emprendetech.market.repositorys.PersonasRepository; If you want this repository to be a JDBC repository, consider annotating your entities with one of these annotations: org.springframework.data.relational.core.mapping.Table.
2024-06-11 20:53:27 - INFO [main] o.s.d.r.c.RepositoryConfigurationExtensionSupport - Spring Data JDBC - Could not safely identify store assignment for repository candidate interface com.emprendetech.market.repositorys.ProductosRepository; If you want this repository to be a JDBC repository, consider annotating your entities with one of these annotations: org.springframework.data.relational.core.mapping.Table.
2024-06-11 20:53:27 - INFO [main] o.s.d.r.c.RepositoryConfigurationExtensionSupport - Spring Data JDBC - Could not safely identify store assignment for repository candidate interface com.emprendetech.market.repositorys.ProductosunidadRepository; If you want this repository to be a JDBC repository, consider annotating your entities with one of these annotations: org.springframework.data.relational.core.mapping.Table.
2024-06-11 20:53:27 - INFO [main] o.s.d.r.c.RepositoryConfigurationExtensionSupport - Spring Data JDBC - Could not safely identify store assignment for repository candidate interface com.emprendetech.market.repositorys.RolesRepository; If you want this repository to be a JDBC repository, consider annotating your entities with one of these annotations: org.springframework.data.relational.core.mapping.Table.
2024-06-11 20:53:27 - INFO [main] o.s.d.r.c.RepositoryConfigurationExtensionSupport - Spring Data JDBC - Could not safely identify store assignment for repository candidate interface com.emprendetech.market.repositorys.RolpermisosRepository; If you want this repository to be a JDBC repository, consider annotating your entities with one of these annotations: org.springframework.data.relational.core.mapping.Table.
2024-06-11 20:53:27 - INFO [main] o.s.d.r.c.RepositoryConfigurationExtensionSupport - Spring Data JDBC - Could not safely identify store assignment for repository candidate interface com.emprendetech.market.repositorys.UsuarioRepository; If you want this repository to be a JDBC repository, consider annotating your entities with one of these annotations: org.springframework.data.relational.core.mapping.Table.
2024-06-11 20:53:27 - INFO [main] o.s.d.r.c.RepositoryConfigurationExtensionSupport - Spring Data JDBC - Could not safely identify store assignment for repository candidate interface com.emprendetech.market.repositorys.VentasRepository; If you want this repository to be a JDBC repository, consider annotating your entities with one of these annotations: org.springframework.data.relational.core.mapping.Table.
2024-06-11 20:53:27 - INFO [main] o.s.d.r.c.RepositoryConfigurationDelegate - Finished Spring Data repository scanning in 86 ms. Found 0 JDBC repository interfaces.
2024-06-11 20:53:27 - INFO [main] o.s.d.r.c.RepositoryConfigurationDelegate - Multiple Spring Data modules found, entering strict repository configuration mode
2024-06-11 20:53:27 - INFO [main] o.s.d.r.c.RepositoryConfigurationDelegate - Bootstrapping Spring Data JPA repositories in DEFAULT mode.
2024-06-11 20:53:27 - INFO [main] o.s.d.r.c.RepositoryConfigurationDelegate - Finished Spring Data repository scanning in 88 ms. Found 16 JPA repository interfaces.
2024-06-11 20:53:28 - INFO [main] o.s.b.w.e.tomcat.TomcatWebServer - Tomcat initialized with port 8080 (http)
2024-06-11 20:53:28 - INFO [main] o.a.catalina.core.StandardService - Starting service [Tomcat]
2024-06-11 20:53:28 - INFO [main] o.a.catalina.core.StandardEngine - Starting Servlet engine: [Apache Tomcat/10.1.20]
2024-06-11 20:53:28 - INFO [main] o.a.c.c.C.[Tomcat].[localhost].[/] - Initializing Spring embedded WebApplicationContext
2024-06-11 20:53:28 - INFO [main] o.s.b.w.s.c.ServletWebServerApplicationContext - Root WebApplicationContext: initialization completed in 2787 ms
2024-06-11 20:53:29 - INFO [main] o.h.jpa.internal.util.LogHelper - HHH000204: Processing PersistenceUnitInfo [name: default]
2024-06-11 20:53:29 - INFO [main] org.hibernate.Version - HHH000412: Hibernate ORM core version 6.4.4.Final
2024-06-11 20:53:29 - INFO [main] o.h.c.i.RegionFactoryInitiator - HHH000026: Second-level cache disabled
2024-06-11 20:53:30 - INFO [main] o.s.o.j.p.SpringPersistenceUnitInfo - No LoadTimeWeaver setup: ignoring JPA class transformer
2024-06-11 20:53:30 - INFO [main] com.zaxxer.hikari.HikariDataSource - HikariPool-1 - Starting...
2024-06-11 20:53:30 - INFO [main] com.zaxxer.hikari.pool.HikariPool - HikariPool-1 - Added connection com.mysql.cj.jdbc.ConnectionImpl@24eecabf
2024-06-11 20:53:30 - INFO [main] com.zaxxer.hikari.HikariDataSource - HikariPool-1 - Start completed.
2024-06-11 20:53:32 - INFO [main] o.h.e.t.j.p.i.JtaPlatformInitiator - HHH000489: No JTA platform available (set 'hibernate.transaction.jta.platform' to enable JTA platform integration)
2024-06-11 20:53:32 - INFO [main] o.s.o.j.LocalContainerEntityManagerFactoryBean - Initialized JPA EntityManagerFactory for persistence unit 'default'
2024-06-11 20:53:33 - WARN [main] o.s.b.a.o.j.JpaBaseConfiguration$JpaWebConfiguration - spring.jpa.open-in-view is enabled by default. Therefore, database queries may be performed during view rendering. Explicitly configure spring.jpa.open-in-view to disable this warning
2024-06-11 20:53:34 - INFO [main] o.s.b.w.e.tomcat.TomcatWebServer - Tomcat started on port 8080 (http) with context path ''
2024-06-11 20:53:34 - INFO [main] c.e.market.MarketApplication - Started MarketApplication in 9.122 seconds (process running for 15.126)
2024-06-11 20:59:07 - INFO [RMI TCP Connection(9)-127.0.0.1] o.s.b.a.SpringApplicationAdminMXBeanRegistrar$SpringApplicationAdmin - Application shutdown requested.
2024-06-11 20:59:07 - INFO [RMI TCP Connection(9)-127.0.0.1] o.s.o.j.LocalContainerEntityManagerFactoryBean - Closing JPA EntityManagerFactory for persistence unit 'default'
2024-06-11 20:59:07 - INFO [RMI TCP Connection(9)-127.0.0.1] com.zaxxer.hikari.HikariDataSource - HikariPool-1 - Shutdown initiated...
2024-06-11 20:59:07 - INFO [RMI TCP Connection(9)-127.0.0.1] com.zaxxer.hikari.HikariDataSource - HikariPool-1 - Shutdown completed.
2024-06-11 21:11:15 - INFO [main] c.e.market.MarketApplication - Starting MarketApplication using Java 17.0.11 with PID 3114 (/Users/israeldaviddomingueztovar/Documents/workspace-spring-tool-suite-4-4.22.0.RELEASE/Market/target/classes started by israeldaviddomingueztovar in /Users/israeldaviddomingueztovar/Documents/workspace-spring-tool-suite-4-4.22.0.RELEASE/Market)
2024-06-11 21:11:15 - INFO [main] c.e.market.MarketApplication - No active profile set, falling back to 1 default profile: "default"
2024-06-11 21:11:17 - INFO [main] o.s.d.r.c.RepositoryConfigurationDelegate - Multiple Spring Data modules found, entering strict repository configuration mode
2024-06-11 21:11:17 - INFO [main] o.s.d.r.c.RepositoryConfigurationDelegate - Bootstrapping Spring Data JDBC repositories in DEFAULT mode.
2024-06-11 21:11:17 - INFO [main] o.s.d.r.c.RepositoryConfigurationExtensionSupport - Spring Data JDBC - Could not safely identify store assignment for repository candidate interface com.emprendetech.market.repositorys.CategoriasRepository; If you want this repository to be a JDBC repository, consider annotating your entities with one of these annotations: org.springframework.data.relational.core.mapping.Table.
2024-06-11 21:11:17 - INFO [main] o.s.d.r.c.RepositoryConfigurationExtensionSupport - Spring Data JDBC - Could not safely identify store assignment for repository candidate interface com.emprendetech.market.repositorys.ClientesRepository; If you want this repository to be a JDBC repository, consider annotating your entities with one of these annotations: org.springframework.data.relational.core.mapping.Table.
2024-06-11 21:11:17 - INFO [main] o.s.d.r.c.RepositoryConfigurationExtensionSupport - Spring Data JDBC - Could not safely identify store assignment for repository candidate interface com.emprendetech.market.repositorys.DetallespedidoRepository; If you want this repository to be a JDBC repository, consider annotating your entities with one of these annotations: org.springframework.data.relational.core.mapping.Table.
2024-06-11 21:11:17 - INFO [main] o.s.d.r.c.RepositoryConfigurationExtensionSupport - Spring Data JDBC - Could not safely identify store assignment for repository candidate interface com.emprendetech.market.repositorys.EmprendimientosRepository; If you want this repository to be a JDBC repository, consider annotating your entities with one of these annotations: org.springframework.data.relational.core.mapping.Table.
2024-06-11 21:11:17 - INFO [main] o.s.d.r.c.RepositoryConfigurationExtensionSupport - Spring Data JDBC - Could not safely identify store assignment for repository candidate interface com.emprendetech.market.repositorys.MedidasRepository; If you want this repository to be a JDBC repository, consider annotating your entities with one of these annotations: org.springframework.data.relational.core.mapping.Table.
2024-06-11 21:11:17 - INFO [main] o.s.d.r.c.RepositoryConfigurationExtensionSupport - Spring Data JDBC - Could not safely identify store assignment for repository candidate interface com.emprendetech.market.repositorys.MetodospagoRepository; If you want this repository to be a JDBC repository, consider annotating your entities with one of these annotations: org.springframework.data.relational.core.mapping.Table.
2024-06-11 21:11:17 - INFO [main] o.s.d.r.c.RepositoryConfigurationExtensionSupport - Spring Data JDBC - Could not safely identify store assignment for repository candidate interface com.emprendetech.market.repositorys.PedidosRepository; If you want this repository to be a JDBC repository, consider annotating your entities with one of these annotations: org.springframework.data.relational.core.mapping.Table.
2024-06-11 21:11:17 - INFO [main] o.s.d.r.c.RepositoryConfigurationExtensionSupport - Spring Data JDBC - Could not safely identify store assignment for repository candidate interface com.emprendetech.market.repositorys.PerfilesRepository; If you want this repository to be a JDBC repository, consider annotating your entities with one of these annotations: org.springframework.data.relational.core.mapping.Table.
2024-06-11 21:11:17 - INFO [main] o.s.d.r.c.RepositoryConfigurationExtensionSupport - Spring Data JDBC - Could not safely identify store assignment for repository candidate interface com.emprendetech.market.repositorys.PermisosRepository; If you want this repository to be a JDBC repository, consider annotating your entities with one of these annotations: org.springframework.data.relational.core.mapping.Table.
2024-06-11 21:11:17 - INFO [main] o.s.d.r.c.RepositoryConfigurationExtensionSupport - Spring Data JDBC - Could not safely identify store assignment for repository candidate interface com.emprendetech.market.repositorys.PersonasRepository; If you want this repository to be a JDBC repository, consider annotating your entities with one of these annotations: org.springframework.data.relational.core.mapping.Table.
2024-06-11 21:11:17 - INFO [main] o.s.d.r.c.RepositoryConfigurationExtensionSupport - Spring Data JDBC - Could not safely identify store assignment for repository candidate interface com.emprendetech.market.repositorys.ProductosRepository; If you want this repository to be a JDBC repository, consider annotating your entities with one of these annotations: org.springframework.data.relational.core.mapping.Table.
2024-06-11 21:11:17 - INFO [main] o.s.d.r.c.RepositoryConfigurationExtensionSupport - Spring Data JDBC - Could not safely identify store assignment for repository candidate interface com.emprendetech.market.repositorys.ProductosunidadRepository; If you want this repository to be a JDBC repository, consider annotating your entities with one of these annotations: org.springframework.data.relational.core.mapping.Table.
2024-06-11 21:11:17 - INFO [main] o.s.d.r.c.RepositoryConfigurationExtensionSupport - Spring Data JDBC - Could not safely identify store assignment for repository candidate interface com.emprendetech.market.repositorys.RolesRepository; If you want this repository to be a JDBC repository, consider annotating your entities with one of these annotations: org.springframework.data.relational.core.mapping.Table.
2024-06-11 21:11:17 - INFO [main] o.s.d.r.c.RepositoryConfigurationExtensionSupport - Spring Data JDBC - Could not safely identify store assignment for repository candidate interface com.emprendetech.market.repositorys.RolpermisosRepository; If you want this repository to be a JDBC repository, consider annotating your entities with one of these annotations: org.springframework.data.relational.core.mapping.Table.
2024-06-11 21:11:17 - INFO [main] o.s.d.r.c.RepositoryConfigurationExtensionSupport - Spring Data JDBC - Could not safely identify store assignment for repository candidate interface com.emprendetech.market.repositorys.UsuarioRepository; If you want this repository to be a JDBC repository, consider annotating your entities with one of these annotations: org.springframework.data.relational.core.mapping.Table.
2024-06-11 21:11:17 - INFO [main] o.s.d.r.c.RepositoryConfigurationExtensionSupport - Spring Data JDBC - Could not safely identify store assignment for repository candidate interface com.emprendetech.market.repositorys.VentasRepository; If you want this repository to be a JDBC repository, consider annotating your entities with one of these annotations: org.springframework.data.relational.core.mapping.Table.
2024-06-11 21:11:17 - INFO [main] o.s.d.r.c.RepositoryConfigurationDelegate - Finished Spring Data repository scanning in 92 ms. Found 0 JDBC repository interfaces.
2024-06-11 21:11:17 - INFO [main] o.s.d.r.c.RepositoryConfigurationDelegate - Multiple Spring Data modules found, entering strict repository configuration mode
2024-06-11 21:11:17 - INFO [main] o.s.d.r.c.RepositoryConfigurationDelegate - Bootstrapping Spring Data JPA repositories in DEFAULT mode.
2024-06-11 21:11:17 - INFO [main] o.s.d.r.c.RepositoryConfigurationDelegate - Finished Spring Data repository scanning in 89 ms. Found 16 JPA repository interfaces.
2024-06-11 21:11:18 - INFO [main] o.s.b.w.e.tomcat.TomcatWebServer - Tomcat initialized with port 8080 (http)
2024-06-11 21:11:18 - INFO [main] o.a.catalina.core.StandardService - Starting service [Tomcat]
2024-06-11 21:11:18 - INFO [main] o.a.catalina.core.StandardEngine - Starting Servlet engine: [Apache Tomcat/10.1.20]
2024-06-11 21:11:18 - INFO [main] o.a.c.c.C.[Tomcat].[localhost].[/] - Initializing Spring embedded WebApplicationContext
2024-06-11 21:11:18 - INFO [main] o.s.b.w.s.c.ServletWebServerApplicationContext - Root WebApplicationContext: initialization completed in 2744 ms
2024-06-11 21:11:18 - INFO [main] o.h.jpa.internal.util.LogHelper - HHH000204: Processing PersistenceUnitInfo [name: default]
2024-06-11 21:11:19 - INFO [main] org.hibernate.Version - HHH000412: Hibernate ORM core version 6.4.4.Final
2024-06-11 21:11:19 - INFO [main] o.h.c.i.RegionFactoryInitiator - HHH000026: Second-level cache disabled
2024-06-11 21:11:19 - INFO [main] o.s.o.j.p.SpringPersistenceUnitInfo - No LoadTimeWeaver setup: ignoring JPA class transformer
2024-06-11 21:11:19 - INFO [main] com.zaxxer.hikari.HikariDataSource - HikariPool-1 - Starting...
2024-06-11 21:11:20 - INFO [main] com.zaxxer.hikari.pool.HikariPool - HikariPool-1 - Added connection com.mysql.cj.jdbc.ConnectionImpl@284c4f02
2024-06-11 21:11:20 - INFO [main] com.zaxxer.hikari.HikariDataSource - HikariPool-1 - Start completed.
2024-06-11 21:11:22 - INFO [main] o.h.e.t.j.p.i.JtaPlatformInitiator - HHH000489: No JTA platform available (set 'hibernate.transaction.jta.platform' to enable JTA platform integration)
2024-06-11 21:11:22 - INFO [main] o.s.o.j.LocalContainerEntityManagerFactoryBean - Initialized JPA EntityManagerFactory for persistence unit 'default'
2024-06-11 21:11:23 - WARN [main] o.s.b.a.o.j.JpaBaseConfiguration$JpaWebConfiguration - spring.jpa.open-in-view is enabled by default. Therefore, database queries may be performed during view rendering. Explicitly configure spring.jpa.open-in-view to disable this warning
2024-06-11 21:11:24 - INFO [main] o.s.b.w.e.tomcat.TomcatWebServer - Tomcat started on port 8080 (http) with context path ''
2024-06-11 21:11:24 - INFO [main] c.e.market.MarketApplication - Started MarketApplication in 9.189 seconds (process running for 15.385)
2024-06-11 21:11:46 - INFO [http-nio-8080-exec-2] o.a.c.c.C.[Tomcat].[localhost].[/] - Initializing Spring DispatcherServlet 'dispatcherServlet'
2024-06-11 21:11:46 - INFO [http-nio-8080-exec-2] o.s.web.servlet.DispatcherServlet - Initializing Servlet 'dispatcherServlet'
2024-06-11 21:11:46 - INFO [http-nio-8080-exec-2] o.s.web.servlet.DispatcherServlet - Completed initialization in 1 ms
2024-06-11 21:11:47 - INFO [http-nio-8080-exec-2] c.e.m.s.f.i.PlataformaVentaPedidoImpl - get Ventas - get Ventas() Method
2024-06-11 21:11:47 - INFO [http-nio-8080-exec-2] c.e.m.c.AltaMovimientosController - createAlta UnaVenta- createAlta UnaVenta() Method
2024-06-11 21:11:47 - INFO [http-nio-8080-exec-2] c.e.m.c.AltaMovimientosController - Alta UnaVenta - Alta UnaVenta() Method com.emprendetech.market.entitys.Ventas@51aa632c
2024-06-11 21:15:47 - INFO [RMI TCP Connection(8)-127.0.0.1] o.s.b.a.SpringApplicationAdminMXBeanRegistrar$SpringApplicationAdmin - Application shutdown requested.
2024-06-11 21:15:47 - INFO [RMI TCP Connection(8)-127.0.0.1] o.s.o.j.LocalContainerEntityManagerFactoryBean - Closing JPA EntityManagerFactory for persistence unit 'default'
2024-06-11 21:15:47 - INFO [RMI TCP Connection(8)-127.0.0.1] com.zaxxer.hikari.HikariDataSource - HikariPool-1 - Shutdown initiated...
2024-06-11 21:15:47 - INFO [RMI TCP Connection(8)-127.0.0.1] com.zaxxer.hikari.HikariDataSource - HikariPool-1 - Shutdown completed.
2024-06-11 21:16:01 - INFO [main] c.e.market.MarketApplication - Starting MarketApplication using Java 17.0.11 with PID 3130 (/Users/israeldaviddomingueztovar/Documents/workspace-spring-tool-suite-4-4.22.0.RELEASE/Market/target/classes started by israeldaviddomingueztovar in /Users/israeldaviddomingueztovar/Documents/workspace-spring-tool-suite-4-4.22.0.RELEASE/Market)
2024-06-11 21:16:01 - INFO [main] c.e.market.MarketApplication - No active profile set, falling back to 1 default profile: "default"
2024-06-11 21:16:02 - INFO [main] o.s.d.r.c.RepositoryConfigurationDelegate - Multiple Spring Data modules found, entering strict repository configuration mode
2024-06-11 21:16:02 - INFO [main] o.s.d.r.c.RepositoryConfigurationDelegate - Bootstrapping Spring Data JDBC repositories in DEFAULT mode.
2024-06-11 21:16:02 - INFO [main] o.s.d.r.c.RepositoryConfigurationExtensionSupport - Spring Data JDBC - Could not safely identify store assignment for repository candidate interface com.emprendetech.market.repositorys.CategoriasRepository; If you want this repository to be a JDBC repository, consider annotating your entities with one of these annotations: org.springframework.data.relational.core.mapping.Table.
2024-06-11 21:16:02 - INFO [main] o.s.d.r.c.RepositoryConfigurationExtensionSupport - Spring Data JDBC - Could not safely identify store assignment for repository candidate interface com.emprendetech.market.repositorys.ClientesRepository; If you want this repository to be a JDBC repository, consider annotating your entities with one of these annotations: org.springframework.data.relational.core.mapping.Table.
2024-06-11 21:16:02 - INFO [main] o.s.d.r.c.RepositoryConfigurationExtensionSupport - Spring Data JDBC - Could not safely identify store assignment for repository candidate interface com.emprendetech.market.repositorys.DetallespedidoRepository; If you want this repository to be a JDBC repository, consider annotating your entities with one of these annotations: org.springframework.data.relational.core.mapping.Table.
2024-06-11 21:16:02 - INFO [main] o.s.d.r.c.RepositoryConfigurationExtensionSupport - Spring Data JDBC - Could not safely identify store assignment for repository candidate interface com.emprendetech.market.repositorys.EmprendimientosRepository; If you want this repository to be a JDBC repository, consider annotating your entities with one of these annotations: org.springframework.data.relational.core.mapping.Table.
2024-06-11 21:16:02 - INFO [main] o.s.d.r.c.RepositoryConfigurationExtensionSupport - Spring Data JDBC - Could not safely identify store assignment for repository candidate interface com.emprendetech.market.repositorys.MedidasRepository; If you want this repository to be a JDBC repository, consider annotating your entities with one of these annotations: org.springframework.data.relational.core.mapping.Table.
2024-06-11 21:16:02 - INFO [main] o.s.d.r.c.RepositoryConfigurationExtensionSupport - Spring Data JDBC - Could not safely identify store assignment for repository candidate interface com.emprendetech.market.repositorys.MetodospagoRepository; If you want this repository to be a JDBC repository, consider annotating your entities with one of these annotations: org.springframework.data.relational.core.mapping.Table.
2024-06-11 21:16:02 - INFO [main] o.s.d.r.c.RepositoryConfigurationExtensionSupport - Spring Data JDBC - Could not safely identify store assignment for repository candidate interface com.emprendetech.market.repositorys.PedidosRepository; If you want this repository to be a JDBC repository, consider annotating your entities with one of these annotations: org.springframework.data.relational.core.mapping.Table.
2024-06-11 21:16:02 - INFO [main] o.s.d.r.c.RepositoryConfigurationExtensionSupport - Spring Data JDBC - Could not safely identify store assignment for repository candidate interface com.emprendetech.market.repositorys.PerfilesRepository; If you want this repository to be a JDBC repository, consider annotating your entities with one of these annotations: org.springframework.data.relational.core.mapping.Table.
2024-06-11 21:16:02 - INFO [main] o.s.d.r.c.RepositoryConfigurationExtensionSupport - Spring Data JDBC - Could not safely identify store assignment for repository candidate interface com.emprendetech.market.repositorys.PermisosRepository; If you want this repository to be a JDBC repository, consider annotating your entities with one of these annotations: org.springframework.data.relational.core.mapping.Table.
2024-06-11 21:16:02 - INFO [main] o.s.d.r.c.RepositoryConfigurationExtensionSupport - Spring Data JDBC - Could not safely identify store assignment for repository candidate interface com.emprendetech.market.repositorys.PersonasRepository; If you want this repository to be a JDBC repository, consider annotating your entities with one of these annotations: org.springframework.data.relational.core.mapping.Table.
2024-06-11 21:16:02 - INFO [main] o.s.d.r.c.RepositoryConfigurationExtensionSupport - Spring Data JDBC - Could not safely identify store assignment for repository candidate interface com.emprendetech.market.repositorys.ProductosRepository; If you want this repository to be a JDBC repository, consider annotating your entities with one of these annotations: org.springframework.data.relational.core.mapping.Table.
2024-06-11 21:16:02 - INFO [main] o.s.d.r.c.RepositoryConfigurationExtensionSupport - Spring Data JDBC - Could not safely identify store assignment for repository candidate interface com.emprendetech.market.repositorys.ProductosunidadRepository; If you want this repository to be a JDBC repository, consider annotating your entities with one of these annotations: org.springframework.data.relational.core.mapping.Table.
2024-06-11 21:16:02 - INFO [main] o.s.d.r.c.RepositoryConfigurationExtensionSupport - Spring Data JDBC - Could not safely identify store assignment for repository candidate interface com.emprendetech.market.repositorys.RolesRepository; If you want this repository to be a JDBC repository, consider annotating your entities with one of these annotations: org.springframework.data.relational.core.mapping.Table.
2024-06-11 21:16:02 - INFO [main] o.s.d.r.c.RepositoryConfigurationExtensionSupport - Spring Data JDBC - Could not safely identify store assignment for repository candidate interface com.emprendetech.market.repositorys.RolpermisosRepository; If you want this repository to be a JDBC repository, consider annotating your entities with one of these annotations: org.springframework.data.relational.core.mapping.Table.
2024-06-11 21:16:02 - INFO [main] o.s.d.r.c.RepositoryConfigurationExtensionSupport - Spring Data JDBC - Could not safely identify store assignment for repository candidate interface com.emprendetech.market.repositorys.UsuarioRepository; If you want this repository to be a JDBC repository, consider annotating your entities with one of these annotations: org.springframework.data.relational.core.mapping.Table.
2024-06-11 21:16:02 - INFO [main] o.s.d.r.c.RepositoryConfigurationExtensionSupport - Spring Data JDBC - Could not safely identify store assignment for repository candidate interface com.emprendetech.market.repositorys.VentasRepository; If you want this repository to be a JDBC repository, consider annotating your entities with one of these annotations: org.springframework.data.relational.core.mapping.Table.
2024-06-11 21:16:02 - INFO [main] o.s.d.r.c.RepositoryConfigurationDelegate - Finished Spring Data repository scanning in 130 ms. Found 0 JDBC repository interfaces.
2024-06-11 21:16:02 - INFO [main] o.s.d.r.c.RepositoryConfigurationDelegate - Multiple Spring Data modules found, entering strict repository configuration mode
2024-06-11 21:16:02 - INFO [main] o.s.d.r.c.RepositoryConfigurationDelegate - Bootstrapping Spring Data JPA repositories in DEFAULT mode.
2024-06-11 21:16:03 - INFO [main] o.s.d.r.c.RepositoryConfigurationDelegate - Finished Spring Data repository scanning in 111 ms. Found 16 JPA repository interfaces.
2024-06-11 21:16:03 - INFO [main] o.s.b.w.e.tomcat.TomcatWebServer - Tomcat initialized with port 8080 (http)
2024-06-11 21:16:03 - INFO [main] o.a.catalina.core.StandardService - Starting service [Tomcat]
2024-06-11 21:16:03 - INFO [main] o.a.catalina.core.StandardEngine - Starting Servlet engine: [Apache Tomcat/10.1.20]
2024-06-11 21:16:04 - INFO [main] o.a.c.c.C.[Tomcat].[localhost].[/] - Initializing Spring embedded WebApplicationContext
2024-06-11 21:16:04 - INFO [main] o.s.b.w.s.c.ServletWebServerApplicationContext - Root WebApplicationContext: initialization completed in 2834 ms
2024-06-11 21:16:04 - INFO [main] o.h.jpa.internal.util.LogHelper - HHH000204: Processing PersistenceUnitInfo [name: default]
2024-06-11 21:16:04 - INFO [main] org.hibernate.Version - HHH000412: Hibernate ORM core version 6.4.4.Final
2024-06-11 21:16:04 - INFO [main] o.h.c.i.RegionFactoryInitiator - HHH000026: Second-level cache disabled
2024-06-11 21:16:05 - INFO [main] o.s.o.j.p.SpringPersistenceUnitInfo - No LoadTimeWeaver setup: ignoring JPA class transformer
2024-06-11 21:16:05 - INFO [main] com.zaxxer.hikari.HikariDataSource - HikariPool-1 - Starting...
2024-06-11 21:16:05 - INFO [main] com.zaxxer.hikari.pool.HikariPool - HikariPool-1 - Added connection com.mysql.cj.jdbc.ConnectionImpl@5a1a20ae
2024-06-11 21:16:05 - INFO [main] com.zaxxer.hikari.HikariDataSource - HikariPool-1 - Start completed.
2024-06-11 21:16:07 - INFO [main] o.h.e.t.j.p.i.JtaPlatformInitiator - HHH000489: No JTA platform available (set 'hibernate.transaction.jta.platform' to enable JTA platform integration)
2024-06-11 21:16:07 - INFO [main] o.s.o.j.LocalContainerEntityManagerFactoryBean - Initialized JPA EntityManagerFactory for persistence unit 'default'
2024-06-11 21:16:08 - WARN [main] o.s.b.a.o.j.JpaBaseConfiguration$JpaWebConfiguration - spring.jpa.open-in-view is enabled by default. Therefore, database queries may be performed during view rendering. Explicitly configure spring.jpa.open-in-view to disable this warning
2024-06-11 21:16:09 - INFO [main] o.s.b.w.e.tomcat.TomcatWebServer - Tomcat started on port 8080 (http) with context path ''
2024-06-11 21:16:09 - INFO [main] c.e.market.MarketApplication - Started MarketApplication in 9.333 seconds (process running for 15.316)
2024-06-11 21:16:30 - INFO [http-nio-8080-exec-2] o.a.c.c.C.[Tomcat].[localhost].[/] - Initializing Spring DispatcherServlet 'dispatcherServlet'
2024-06-11 21:16:30 - INFO [http-nio-8080-exec-2] o.s.web.servlet.DispatcherServlet - Initializing Servlet 'dispatcherServlet'
2024-06-11 21:16:30 - INFO [http-nio-8080-exec-2] o.s.web.servlet.DispatcherServlet - Completed initialization in 2 ms
2024-06-11 21:16:30 - INFO [http-nio-8080-exec-2] c.e.m.s.f.i.PlataformaVentaPedidoImpl - get Ventas - get Ventas() Method
2024-06-11 21:16:30 - INFO [http-nio-8080-exec-2] c.e.m.c.AltaMovimientosController - createAlta UnaVenta- createAlta UnaVenta() Method
2024-06-11 21:16:30 - INFO [http-nio-8080-exec-2] c.e.m.c.AltaMovimientosController - Alta UnaVenta - Alta UnaVenta() Method com.emprendetech.market.entitys.Ventas@770ed643
2024-06-11 21:16:30 - INFO [http-nio-8080-exec-2] c.e.m.c.AltaMovimientosController - Alta Clientes - Alta Clientes() Method com.emprendetech.market.entitys.Clientes@421cc74a
2024-06-11 21:16:30 - INFO [http-nio-8080-exec-2] c.e.m.c.AltaMovimientosController - Alta Pedidos - Alta Pedidos() Method com.emprendetech.market.entitys.Pedidos@1b92f993
2024-06-11 21:17:27 - INFO [http-nio-8080-exec-3] c.e.m.s.f.i.PlataformaVentaPedidoImpl - get Ventas - get Ventas() Method
2024-06-11 21:17:27 - INFO [http-nio-8080-exec-3] c.e.m.c.AltaMovimientosController - createAlta UnaVenta- createAlta UnaVenta() Method
2024-06-11 21:17:27 - INFO [http-nio-8080-exec-3] c.e.m.c.AltaMovimientosController - Alta UnaVenta - Alta UnaVenta() Method com.emprendetech.market.entitys.Ventas@1a28d8f3
2024-06-11 21:17:27 - INFO [http-nio-8080-exec-3] c.e.m.c.AltaMovimientosController - Alta Pedidos - Alta Pedidos() Method com.emprendetech.market.entitys.Pedidos@35fdc0b2
2024-06-11 21:17:44 - INFO [RMI TCP Connection(5)-127.0.0.1] o.s.b.a.SpringApplicationAdminMXBeanRegistrar$SpringApplicationAdmin - Application shutdown requested.
2024-06-11 21:17:44 - INFO [RMI TCP Connection(5)-127.0.0.1] o.s.o.j.LocalContainerEntityManagerFactoryBean - Closing JPA EntityManagerFactory for persistence unit 'default'
2024-06-11 21:17:44 - INFO [RMI TCP Connection(5)-127.0.0.1] com.zaxxer.hikari.HikariDataSource - HikariPool-1 - Shutdown initiated...
2024-06-11 21:17:44 - INFO [RMI TCP Connection(5)-127.0.0.1] com.zaxxer.hikari.HikariDataSource - HikariPool-1 - Shutdown completed.
